#! /c/Source/iverilog-install/bin/vvp
:ivl_version "12.0 (devel)" "(s20150603-1539-g2693dd32b)";
:ivl_delay_selection "TYPICAL";
:vpi_time_precision + 0;
:vpi_module "C:\iverilog\lib\ivl\system.vpi";
:vpi_module "C:\iverilog\lib\ivl\vhdl_sys.vpi";
:vpi_module "C:\iverilog\lib\ivl\vhdl_textio.vpi";
:vpi_module "C:\iverilog\lib\ivl\v2005_math.vpi";
:vpi_module "C:\iverilog\lib\ivl\va_math.vpi";
S_00000264644eeb80 .scope module, "main" "main" 2 5;
 .timescale 0 0;
    .port_info 0 /INPUT 8 "A";
    .port_info 1 /INPUT 8 "B";
    .port_info 2 /INPUT 1 "controle";
    .port_info 3 /OUTPUT 8 "s";
o0000026464536fb8 .functor BUFZ 8, C4<zzzzzzzz>; HiZ drive
L_00000264644ee820 .functor BUFZ 8, o0000026464536fb8, C4<00000000>, C4<00000000>, C4<00000000>;
o0000026464536fe8 .functor BUFZ 8, C4<zzzzzzzz>; HiZ drive
L_00000264644eea70 .functor BUFZ 8, o0000026464536fe8, C4<00000000>, C4<00000000>, C4<00000000>;
L_00000264644e68f0 .functor BUFZ 8, v00000264644eb8a0_0, C4<00000000>, C4<00000000>, C4<00000000>;
v00000264644eed10_0 .net "A", 7 0, o0000026464536fb8;  0 drivers
v00000264644ee9d0_0 .net "B", 7 0, o0000026464536fe8;  0 drivers
o0000026464537018 .functor BUFZ 1, C4<z>; HiZ drive
v00000264644ee780_0 .net "controle", 0 0, o0000026464537018;  0 drivers
v00000264644eb800_0 .net "s", 7 0, L_00000264644e68f0;  1 drivers
v00000264644eb8a0_0 .var "s3", 7 0;
v00000264644eb940_0 .net "w1", 7 0, L_00000264644ee820;  1 drivers
v00000264644eb9e0_0 .net "w2", 7 0, L_00000264644eea70;  1 drivers
E_00000264644ec080 .event anyedge, v00000264644ee780_0;
    .scope S_00000264644eeb80;
T_0 ;
    %wait E_00000264644ec080;
    %load/vec4 v00000264644ee780_0;
    %cmpi/e 1, 0, 1;
    %jmp/0xz  T_0.0, 4;
    %load/vec4 v00000264644eb940_0;
    %load/vec4 v00000264644eb9e0_0;
    %add;
    %store/vec4 v00000264644eb8a0_0, 0, 8;
T_0.0 ;
    %jmp T_0;
    .thread T_0, $push;
    .scope S_00000264644eeb80;
T_1 ;
    %wait E_00000264644ec080;
    %load/vec4 v00000264644ee780_0;
    %cmpi/e 0, 0, 1;
    %jmp/0xz  T_1.0, 4;
    %load/vec4 v00000264644eb940_0;
    %load/vec4 v00000264644eb9e0_0;
    %sub;
    %store/vec4 v00000264644eb8a0_0, 0, 8;
T_1.0 ;
    %jmp T_1;
    .thread T_1, $push;
# The file index is used to find the file name in the following table.
:file_names 3;
    "N/A";
    "<interactive>";
    "main.v";
