#! /c/Source/iverilog-install/bin/vvp
:ivl_version "12.0 (devel)" "(s20150603-1539-g2693dd32b)";
:ivl_delay_selection "TYPICAL";
:vpi_time_precision - 10;
:vpi_module "C:\iverilog\lib\ivl\system.vpi";
:vpi_module "C:\iverilog\lib\ivl\vhdl_sys.vpi";
:vpi_module "C:\iverilog\lib\ivl\vhdl_textio.vpi";
:vpi_module "C:\iverilog\lib\ivl\v2005_math.vpi";
:vpi_module "C:\iverilog\lib\ivl\va_math.vpi";
S_0000024be006be20 .scope module, "main_tb" "main_tb" 2 4;
 .timescale -9 -10;
v0000024be0066850_0 .var "A", 7 0;
v0000024be00668f0_0 .var "B", 7 0;
v0000024bdfef37e0_0 .var "controle", 0 0;
v0000024bdfef3880_0 .net "s", 7 0, L_0000024be0066f00;  1 drivers
S_0000024be006bae0 .scope module, "main1" "main" 2 9, 3 5 0, S_0000024be006be20;
 .timescale -9 -10;
    .port_info 0 /INPUT 8 "A";
    .port_info 1 /INPUT 8 "B";
    .port_info 2 /INPUT 1 "controle";
    .port_info 3 /OUTPUT 8 "s";
L_0000024be006ac10 .functor BUFZ 8, v0000024be0066850_0, C4<00000000>, C4<00000000>, C4<00000000>;
L_0000024be006d260 .functor BUFZ 8, v0000024be00668f0_0, C4<00000000>, C4<00000000>, C4<00000000>;
L_0000024be0066f00 .functor BUFZ 8, v0000024be0066670_0, C4<00000000>, C4<00000000>, C4<00000000>;
v0000024be006bc70_0 .net "A", 7 0, v0000024be0066850_0;  1 drivers
v0000024be006ab70_0 .net "B", 7 0, v0000024be00668f0_0;  1 drivers
v0000024be0066530_0 .net "controle", 0 0, v0000024bdfef37e0_0;  1 drivers
v0000024be00665d0_0 .net "s", 7 0, L_0000024be0066f00;  alias, 1 drivers
v0000024be0066670_0 .var "s3", 7 0;
v0000024be0066710_0 .net "w1", 7 0, L_0000024be006ac10;  1 drivers
v0000024be00667b0_0 .net "w2", 7 0, L_0000024be006d260;  1 drivers
E_0000024be006a440 .event anyedge, v0000024be0066530_0;
    .scope S_0000024be006bae0;
T_0 ;
    %wait E_0000024be006a440;
    %load/vec4 v0000024be0066530_0;
    %cmpi/e 1, 0, 1;
    %jmp/0xz  T_0.0, 4;
    %load/vec4 v0000024be0066710_0;
    %load/vec4 v0000024be00667b0_0;
    %add;
    %store/vec4 v0000024be0066670_0, 0, 8;
T_0.0 ;
    %jmp T_0;
    .thread T_0, $push;
    .scope S_0000024be006bae0;
T_1 ;
    %wait E_0000024be006a440;
    %load/vec4 v0000024be0066530_0;
    %cmpi/e 0, 0, 1;
    %jmp/0xz  T_1.0, 4;
    %load/vec4 v0000024be0066710_0;
    %load/vec4 v0000024be00667b0_0;
    %sub;
    %store/vec4 v0000024be0066670_0, 0, 8;
T_1.0 ;
    %jmp T_1;
    .thread T_1, $push;
    .scope S_0000024be006be20;
T_2 ;
    %vpi_call 2 11 "$dumpfile", "main_tb.vcd" {0 0 0};
    %vpi_call 2 12 "$dumpvars", 32'sb00000000000000000000000000000000, S_0000024be006be20 {0 0 0};
    %pushi/vec4 2, 0, 8;
    %store/vec4 v0000024be0066850_0, 0, 8;
    %pushi/vec4 1, 0, 8;
    %store/vec4 v0000024be00668f0_0, 0, 8;
    %pushi/vec4 1, 0, 1;
    %store/vec4 v0000024bdfef37e0_0, 0, 1;
    %delay 10, 0;
    %pushi/vec4 2, 0, 8;
    %store/vec4 v0000024be0066850_0, 0, 8;
    %pushi/vec4 1, 0, 8;
    %store/vec4 v0000024be00668f0_0, 0, 8;
    %pushi/vec4 0, 0, 1;
    %store/vec4 v0000024bdfef37e0_0, 0, 1;
    %delay 10, 0;
    %vpi_call 2 21 "$finish" {0 0 0};
    %end;
    .thread T_2;
# The file index is used to find the file name in the following table.
:file_names 4;
    "N/A";
    "<interactive>";
    "main_tb.v";
    "./main.v";
